<?xml version="1.0" encoding="UTF-8"?>
<!-- Generated by org.testng.reporters.JUnitReportReporter -->
<testsuite hostname="DESKTOP-MJ9U4K8" failures="0" tests="1" name="com.gothub.com.TestJenkins" time="14.032" errors="0" timestamp="29 May 2021 17:20:54 GMT" skipped="0">
  <testcase classname="com.gothub.com.TestJenkins" name="run" time="14.032"/>
</testsuite> <!-- com.gothub.com.TestJenkins -->
